Going right 0_0
Apple at (1, 0) eaten at step 2
Going right 1_0
Apple at (2, 0) eaten at step 3
Going right 2_0
Going right 3_0
Going right 4_0
Going right 5_0
Apple at (6, 0) eaten at step 7
Going right 6_0
Going right 7_0
Going right 8_0
Apple at (9, 0) eaten at step 10
Going right 9_0
Going right 10_0
Going right 11_0
Going right 12_0
Going right 13_0
Going right 14_0
Going right 15_0
Going right 16_0
Going right 17_0
Going right 18_0
Going right 19_0
Going right 20_0
Going right 21_0
Going right 22_0
Going right 23_0
Going right 24_0
Going right 25_0
Going right 26_0
Going right 27_0
Going right 28_0
Going right 29_0
Going right 30_0
Apple at (31, 0) eaten at step 32
Going right 31_0
Going right 32_0
Going right 33_0
Going right 34_0
Going right 35_0
Going right 36_0
Going right 37_0
Going right 38_0
Going right 39_0
Going right 40_0
Going right 41_0
Going right 42_0
Going right 43_0
Going down 43_1
Going down 43_2
Going down 43_3
Going down 43_4
Going down 43_5
Going down 43_6
Going down 43_7
Going down 43_8
Going down 43_9
Going down 43_10
Going down 43_11
Going down 43_12
Going down 43_13
Going down 43_14
Going down 43_15
Going down 43_16
Going down 43_17
Going down 43_18
Going down 43_19
Going down 43_20
Going down 43_21
Going down 43_22
Going down 43_23
Going down 43_24
Going down 43_25
Going down 43_26
Going down 43_27
Going down 43_28
Going down 43_29
Going down 43_30
Going down 43_31
Apple at (43, 32) eaten at step 76
Going down 43_32
Going down 43_33
Going down 43_34
Going down 43_35
Going down 43_36
Going down 43_37
Apple at (43, 38) eaten at step 82
Going down 43_38
Going down 43_39
Going left 42_39
Going left 41_39
Going left 40_39
Going left 39_39
Going left 38_39
Going left 37_39
Going left 36_39
Going left 35_39
Going left 34_39
Going left 33_39
Going left 32_39
Going left 31_39
Going left 30_39
Going left 29_39
Going left 28_39
Apple at (27, 39) eaten at step 99
Going left 27_39
Apple at (26, 39) eaten at step 100
Going left 26_39
Going left 25_39
Going left 24_39
Going left 23_39
Going left 22_39
Going left 21_39
Going left 20_39
Going left 19_39
Going left 18_39
Going left 17_39
Going left 16_39
Going left 15_39
Going left 14_39
Going left 13_39
Going left 12_39
Going left 11_39
Apple at (10, 39) eaten at step 116
Going left 10_39
Going left 9_39
Going left 8_39
Going left 7_39
Going left 6_39
Going left 5_39
Going left 4_39
Going left 3_39
Going left 2_39
Going left 1_39
Going left 0_39
Going up 0_38
Going up 0_37
Going up 0_36
Going up 0_35
Going up 0_34
Going up 0_33
Going up 0_32
Going up 0_31
Going up 0_30
Going up 0_29
Going up 0_28
Apple at (0, 27) eaten at step 138
Going up 0_27
Going up 0_26
Going up 0_25
Going up 0_24
Going up 0_23
Going up 0_22
Going up 0_21
Going up 0_20
Going up 0_19
Going up 0_18
Going up 0_17
Going up 0_16
Going up 0_15
Going up 0_14
Going up 0_13
Going up 0_12
Apple at (0, 11) eaten at step 154
Going up 0_11
Going up 0_10
Going up 0_9
Going up 0_8
Going up 0_7
Going up 0_6
Going up 0_5
Going up 0_4
Going up 0_3
Apple at (0, 2) eaten at step 163
Going up 0_2
Going up 0_1
Going right 1_1
Apple at (2, 1) eaten at step 166
Going right 2_1
Going right 3_1
Going right 4_1
Going right 5_1
Going right 6_1
Going right 7_1
Going right 8_1
Going right 9_1
Going right 10_1
Going right 11_1
Going right 12_1
Going right 13_1
Going right 14_1
Going right 15_1
Going right 16_1
Going right 17_1
Going right 18_1
Going right 19_1
Going right 20_1
Going right 21_1
Going right 22_1
Going right 23_1
Going right 24_1
Going right 25_1
Going right 26_1
Going right 27_1
Going right 28_1
Going right 29_1
Going right 30_1
Going right 31_1
Going right 32_1
Apple at (33, 1) eaten at step 197
Going right 33_1
Going right 34_1
Going right 35_1
Going right 36_1
Going right 37_1
Going right 38_1
Apple at (39, 1) eaten at step 203
Going right 39_1
Going right 40_1
Apple at (41, 1) eaten at step 205
Going right 41_1
Going right 42_1
Going down 42_2
Going down 42_3
Going down 42_4
Going down 42_5
Going down 42_6
Going down 42_7
Apple at (42, 8) eaten at step 213
Going down 42_8
Going down 42_9
Going down 42_10
Going down 42_11
Going down 42_12
Going down 42_13
Going down 42_14
Going down 42_15
Going down 42_16
Going down 42_17
Going down 42_18
Apple at (42, 19) eaten at step 224
Going down 42_19
Going down 42_20
Going down 42_21
Going down 42_22
Going down 42_23
Going down 42_24
Going down 42_25
Going down 42_26
Going down 42_27
Going down 42_28
Going down 42_29
Going down 42_30
Going down 42_31
Going down 42_32
Going down 42_33
Going down 42_34
Apple at (42, 35) eaten at step 240
Going down 42_35
Going down 42_36
Going down 42_37
Going down 42_38
Going left 41_38
Going left 40_38
Going left 39_38
Going left 38_38
Going left 37_38
Going left 36_38
Going left 35_38
Going left 34_38
Going left 33_38
Apple at (32, 38) eaten at step 253
Going left 32_38
Going left 31_38
Going left 30_38
Going left 29_38
Going left 28_38
Apple at (27, 38) eaten at step 258
Going left 27_38
Apple at (26, 38) eaten at step 259
Going left 26_38
Going left 25_38
Going left 24_38
Going left 23_38
Going left 22_38
Going left 21_38
Going left 20_38
Going left 19_38
Going left 18_38
Going left 17_38
Going left 16_38
Going left 15_38
Going left 14_38
Going left 13_38
Going left 12_38
Apple at (11, 38) eaten at step 274
Going left 11_38
Going left 10_38
Going left 9_38
Going left 8_38
Going left 7_38
Going left 6_38
Apple at (5, 38) eaten at step 280
Going left 5_38
Apple at (4, 38) eaten at step 281
Going left 4_38
Apple at (3, 38) eaten at step 282
Going left 3_38
Going left 2_38
Going left 1_38
Going up 1_37
Going up 1_36
Going up 1_35
Going up 1_34
Going up 1_33
Apple at (1, 32) eaten at step 290
Going up 1_32
Going up 1_31
Going up 1_30
Going up 1_29
Going up 1_28
Apple at (1, 27) eaten at step 295
Going up 1_27
Going up 1_26
Going up 1_25
Apple at (1, 24) eaten at step 298
Going up 1_24
Going up 1_23
Going up 1_22
Going up 1_21
Going up 1_20
Apple at (1, 19) eaten at step 303
Going up 1_19
Going up 1_18
Going up 1_17
Going up 1_16
Going up 1_15
Going up 1_14
Apple at (1, 13) eaten at step 309
Going up 1_13
Going up 1_12
Going up 1_11
Going up 1_10
Going up 1_9
Going up 1_8
Going up 1_7
Going up 1_6
Going up 1_5
Going up 1_4
Going up 1_3
Going up 1_2
Going right 2_2
Going right 3_2
Going right 4_2
Going right 5_2
Going right 6_2
Going right 7_2
Going right 8_2
Going right 9_2
Going right 10_2
Going right 11_2
Going right 12_2
Apple at (13, 2) eaten at step 332
Going right 13_2
Going right 14_2
Going right 15_2
Going right 16_2
Going right 17_2
Going right 18_2
Going right 19_2
Going right 20_2
Going right 21_2
Going right 22_2
Going right 23_2
Apple at (24, 2) eaten at step 343
Going right 24_2
Going right 25_2
Apple at (26, 2) eaten at step 345
Going right 26_2
Going right 27_2
Going right 28_2
Going right 29_2
Going right 30_2
Going right 31_2
Going right 32_2
Going right 33_2
Apple at (34, 2) eaten at step 353
Going right 34_2
Going right 35_2
Apple at (36, 2) eaten at step 355
Going right 36_2
Going right 37_2
Going right 38_2
Going right 39_2
Going right 40_2
Going right 41_2
Going down 41_3
Going down 41_4
Going down 41_5
Going down 41_6
Going down 41_7
Going down 41_8
Going down 41_9
Going down 41_10
Going down 41_11
Going down 41_12
Going down 41_13
Going down 41_14
Going down 41_15
Going down 41_16
Going down 41_17
Going down 41_18
Going down 41_19
Going down 41_20
Apple at (41, 21) eaten at step 379
Going down 41_21
Going down 41_22
Going down 41_23
Going down 41_24
Going down 41_25
Going down 41_26
Going down 41_27
Going down 41_28
Going down 41_29
Going down 41_30
Going down 41_31
Going down 41_32
Going down 41_33
Going down 41_34
Going down 41_35
Going down 41_36
Going down 41_37
Going left 40_37
Going left 39_37
Going left 38_37
Apple at (37, 37) eaten at step 399
Going left 37_37
Apple at (36, 37) eaten at step 400
Going left 36_37
Going left 35_37
Going left 34_37
Going left 33_37
Going left 32_37
Going left 31_37
Going left 30_37
Going left 29_37
Going left 28_37
Apple at (27, 37) eaten at step 409
Going left 27_37
Going left 26_37
Apple at (25, 37) eaten at step 411
Going left 25_37
Going left 24_37
Apple at (23, 37) eaten at step 413
Going left 23_37
Going left 22_37
Going left 21_37
Going left 20_37
Going left 19_37
Going left 18_37
Going left 17_37
Going left 16_37
Going left 15_37
Going left 14_37
Going left 13_37
Going left 12_37
Going left 11_37
Apple at (10, 37) eaten at step 426
Going left 10_37
Going left 9_37
Going left 8_37
Going left 7_37
Going left 6_37
Apple at (5, 37) eaten at step 431
Going left 5_37
Going left 4_37
Going left 3_37
Going left 2_37
Going up 2_36
Going up 2_35
Going up 2_34
Going up 2_33
Going up 2_32
Going up 2_31
Going up 2_30
Going up 2_29
Going up 2_28
Going up 2_27
Going up 2_26
Going up 2_25
Apple at (2, 24) eaten at step 447
Going up 2_24
Going up 2_23
Going up 2_22
Going up 2_21
Going up 2_20
Apple at (2, 19) eaten at step 452
Going up 2_19
Going up 2_18
Going up 2_17
Going up 2_16
Going up 2_15
Going up 2_14
Going up 2_13
Apple at (2, 12) eaten at step 459
Going up 2_12
Going up 2_11
Apple at (2, 10) eaten at step 461
Going up 2_10
Going up 2_9
Going up 2_8
Going up 2_7
Apple at (2, 6) eaten at step 465
Going up 2_6
Going up 2_5
Going up 2_4
Apple at (2, 3) eaten at step 468
Going up 2_3
Apple at (3, 3) eaten at step 469
Going right 3_3
Going right 4_3
Going right 5_3
Going right 6_3
Going right 7_3
Going right 8_3
Going right 9_3
Going right 10_3
Going right 11_3
Going right 12_3
Going right 13_3
Apple at (14, 3) eaten at step 480
Going right 14_3
Going right 15_3
Going right 16_3
Going right 17_3
Going right 18_3
Going right 19_3
Going right 20_3
Going right 21_3
Going right 22_3
Going right 23_3
Going right 24_3
Going right 25_3
Going right 26_3
Going right 27_3
Going right 28_3
Going right 29_3
Going right 30_3
Going right 31_3
Apple at (32, 3) eaten at step 498
Going right 32_3
Going right 33_3
Going right 34_3
Going right 35_3
Going right 36_3
Going right 37_3
Going right 38_3
Going right 39_3
Going right 40_3
Going down 40_4
Going down 40_5
Going down 40_6
Going down 40_7
Going down 40_8
Going down 40_9
Going down 40_10
Going down 40_11
Going down 40_12
Going down 40_13
Going down 40_14
Going down 40_15
Going down 40_16
Going down 40_17
Going down 40_18
Going down 40_19
Going down 40_20
Going down 40_21
Going down 40_22
Going down 40_23
Going down 40_24
Going down 40_25
Going down 40_26
Going down 40_27
Going down 40_28
Going down 40_29
Going down 40_30
Going down 40_31
Going down 40_32
Going down 40_33
Going down 40_34
Apple at (40, 35) eaten at step 538
Going down 40_35
Going down 40_36
Going left 39_36
Going left 38_36
Going left 37_36
Going left 36_36
Going left 35_36
Apple at (34, 36) eaten at step 545
Going left 34_36
Going left 33_36
Apple at (32, 36) eaten at step 547
Going left 32_36
Going left 31_36
Going left 30_36
Going left 29_36
Going left 28_36
Going left 27_36
Going left 26_36
Going left 25_36
Going left 24_36
Going left 23_36
Apple at (22, 36) eaten at step 557
Going left 22_36
Going left 21_36
Apple at (20, 36) eaten at step 559
Going left 20_36
Going left 19_36
Apple at (18, 36) eaten at step 561
Going left 18_36
Going left 17_36
Going left 16_36
Going left 15_36
Going left 14_36
Going left 13_36
Going left 12_36
Going left 11_36
Going left 10_36
Going left 9_36
Going left 8_36
Going left 7_36
Going left 6_36
Apple at (5, 36) eaten at step 574
Going left 5_36
Apple at (4, 36) eaten at step 575
Going left 4_36
Going left 3_36
Going up 3_35
Going up 3_34
Going up 3_33
Going up 3_32
Going up 3_31
Going up 3_30
Going up 3_29
Going up 3_28
Going up 3_27
Going up 3_26
Going up 3_25
Going up 3_24
Going up 3_23
Going up 3_22
Going up 3_21
Going up 3_20
Going up 3_19
Going up 3_18
Going up 3_17
Going up 3_16
Going up 3_15
Going up 3_14
Going up 3_13
Going up 3_12
Going up 3_11
Going up 3_10
Apple at (3, 9) eaten at step 603
Going up 3_9
Going up 3_8
Going up 3_7
Going up 3_6
Going up 3_5
Apple at (3, 4) eaten at step 608
Going up 3_4
Going right 4_4
Going right 5_4
Going right 6_4
Going right 7_4
Going right 8_4
Apple at (9, 4) eaten at step 614
Going right 9_4
Going right 10_4
Going right 11_4
Going right 12_4
Going right 13_4
Going right 14_4
Going right 15_4
Going right 16_4
Going right 17_4
Going right 18_4
Going right 19_4
Going right 20_4
Going right 21_4
Going right 22_4
Going right 23_4
Going right 24_4
Going right 25_4
Going right 26_4
Going right 27_4
Going right 28_4
Going right 29_4
Going right 30_4
Going right 31_4
Apple at (32, 4) eaten at step 637
Going right 32_4
Apple at (33, 4) eaten at step 638
Going right 33_4
Apple at (34, 4) eaten at step 639
Going right 34_4
Going right 35_4
Going right 36_4
Going right 37_4
Going right 38_4
Going right 39_4
Going down 39_5
Going down 39_6
Going down 39_7
Going down 39_8
Apple at (39, 9) eaten at step 649
Going down 39_9
Going down 39_10
Going down 39_11
Going down 39_12
Going down 39_13
Going down 39_14
Going down 39_15
Going down 39_16
Going down 39_17
Going down 39_18
Going down 39_19
Going down 39_20
Going down 39_21
Going down 39_22
Going down 39_23
Going down 39_24
Going down 39_25
Going down 39_26
Going down 39_27
Going down 39_28
Going down 39_29
Going down 39_30
Going down 39_31
Going down 39_32
Going down 39_33
Going down 39_34
Going down 39_35
Going left 38_35
Going left 37_35
Going left 36_35
Going left 35_35
Going left 34_35
Going left 33_35
Going left 32_35
Going left 31_35
Apple at (30, 35) eaten at step 684
Going left 30_35
Going left 29_35
Going left 28_35
Going left 27_35
Going left 26_35
Going left 25_35
Going left 24_35
Going left 23_35
Going left 22_35
Going left 21_35
Going left 20_35
Going left 19_35
Going left 18_35
Going left 17_35
Apple at (16, 35) eaten at step 698
Going left 16_35
Apple at (15, 35) eaten at step 699
Going left 15_35
Going left 14_35
Going left 13_35
Going left 12_35
Apple at (11, 35) eaten at step 703
Going left 11_35
Going left 10_35
Going left 9_35
Going left 8_35
Going left 7_35
Going left 6_35
Going left 5_35
Going left 4_35
Going up 4_34
Going up 4_33
Going up 4_32
Going up 4_31
Going up 4_30
Going up 4_29
Going up 4_28
Going up 4_27
Going up 4_26
Going up 4_25
Apple at (4, 24) eaten at step 721
Going up 4_24
Going up 4_23
Going up 4_22
Going up 4_21
Apple at (4, 20) eaten at step 725
Going up 4_20
Going up 4_19
Going up 4_18
Going up 4_17
Going up 4_16
Going up 4_15
Going up 4_14
Going up 4_13
Going up 4_12
Going up 4_11
Going up 4_10
Going up 4_9
Going up 4_8
Going up 4_7
Going up 4_6
Going up 4_5
Going right 5_5
Going right 6_5
Going right 7_5
Going right 8_5
Going right 9_5
Going right 10_5
Going right 11_5
Going right 12_5
Going right 13_5
Going right 14_5
Going right 15_5
Going right 16_5
Going right 17_5
Going right 18_5
Going right 19_5
Going right 20_5
Going right 21_5
Going right 22_5
Going right 23_5
Going right 24_5
Going right 25_5
Going right 26_5
Going right 27_5
Going right 28_5
Going right 29_5
Apple at (30, 5) eaten at step 766
Going right 30_5
Going right 31_5
Going right 32_5
Going right 33_5
Going right 34_5
Going right 35_5
Going right 36_5
Going right 37_5
Going right 38_5
Going down 38_6
Going down 38_7
Going down 38_8
Apple at (38, 9) eaten at step 778
Going down 38_9
Going down 38_10
Going down 38_11
Going down 38_12
Going down 38_13
Going down 38_14
Going down 38_15
Going down 38_16
Going down 38_17
Going down 38_18
Going down 38_19
Going down 38_20
Going down 38_21
Going down 38_22
Going down 38_23
Apple at (38, 24) eaten at step 793
Going down 38_24
Going down 38_25
Going down 38_26
Going down 38_27
Going down 38_28
Going down 38_29
Apple at (38, 30) eaten at step 799
Going down 38_30
Going down 38_31
Going down 38_32
Going down 38_33
Going down 38_34
Going left 37_34
Going left 36_34
Going left 35_34
Going left 34_34
Going left 33_34
Going left 32_34
Apple at (31, 34) eaten at step 810
Going left 31_34
Going left 30_34
Going left 29_34
Going left 28_34
Apple at (27, 34) eaten at step 814
Going left 27_34
Going left 26_34
Apple at (25, 34) eaten at step 816
Going left 25_34
Going left 24_34
Going left 23_34
Going left 22_34
Going left 21_34
Going left 20_34
Going left 19_34
Going left 18_34
Going left 17_34
Going left 16_34
Going left 15_34
Going left 14_34
Going left 13_34
Going left 12_34
Going left 11_34
Going left 10_34
Going left 9_34
Going left 8_34
Going left 7_34
Apple at (6, 34) eaten at step 835
Going left 6_34
Going left 5_34
Going up 5_33
Going up 5_32
Going up 5_31
Going up 5_30
Going up 5_29
Going up 5_28
Going up 5_27
Going up 5_26
Going up 5_25
Going up 5_24
Going up 5_23
Going up 5_22
Going up 5_21
Going up 5_20
Going up 5_19
Going up 5_18
Going up 5_17
Going up 5_16
Going up 5_15
Going up 5_14
Going up 5_13
Going up 5_12
Going up 5_11
Going up 5_10
Going up 5_9
Going up 5_8
Going up 5_7
Going up 5_6
Going right 6_6
Going right 7_6
Going right 8_6
Going right 9_6
Going right 10_6
Going right 11_6
Going right 12_6
Going right 13_6
Going right 14_6
Going right 15_6
Going right 16_6
Going right 17_6
Apple at (18, 6) eaten at step 877
Going right 18_6
Going right 19_6
Going right 20_6
Going right 21_6
Going right 22_6
Going right 23_6
Going right 24_6
Going right 25_6
Going right 26_6
Going right 27_6
Going right 28_6
Going right 29_6
Going right 30_6
Going right 31_6
Going right 32_6
Going right 33_6
Going right 34_6
Apple at (35, 6) eaten at step 894
Going right 35_6
Going right 36_6
Going right 37_6
Going down 37_7
Going down 37_8
Going down 37_9
Going down 37_10
Going down 37_11
Going down 37_12
Going down 37_13
Going down 37_14
Going down 37_15
Going down 37_16
Going down 37_17
Going down 37_18
Going down 37_19
Going down 37_20
Going down 37_21
Going down 37_22
Going down 37_23
Going down 37_24
Going down 37_25
Going down 37_26
Going down 37_27
Going down 37_28
Going down 37_29
Going down 37_30
Apple at (37, 31) eaten at step 921
Going down 37_31
Going down 37_32
Going down 37_33
Going left 36_33
Going left 35_33
Going left 34_33
Going left 33_33
Going left 32_33
Going left 31_33
Going left 30_33
Apple at (29, 33) eaten at step 931
Going left 29_33
Going left 28_33
Going left 27_33
Going left 26_33
Going left 25_33
Going left 24_33
Going left 23_33
Going left 22_33
Going left 21_33
Going left 20_33
Going left 19_33
Going left 18_33
Apple at (17, 33) eaten at step 943
Going left 17_33
Going left 16_33
Apple at (15, 33) eaten at step 945
Going left 15_33
Going left 14_33
Going left 13_33
Apple at (12, 33) eaten at step 948
Going left 12_33
Going left 11_33
Going left 10_33
Going left 9_33
Going left 8_33
Going left 7_33
Going left 6_33
Going up 6_32
Going up 6_31
Going up 6_30
Going up 6_29
Going up 6_28
Going up 6_27
Going up 6_26
Going up 6_25
Going up 6_24
Going up 6_23
Going up 6_22
Going up 6_21
Going up 6_20
Going up 6_19
Going up 6_18
Going up 6_17
Going up 6_16
Going up 6_15
Going up 6_14
Going up 6_13
Going up 6_12
Going up 6_11
Going up 6_10
Going up 6_9
Going up 6_8
Going up 6_7
Going right 7_7
Going right 8_7
Apple at (9, 7) eaten at step 983
Going right 9_7
Going right 10_7
Going right 11_7
Going right 12_7
Going right 13_7
Going right 14_7
Going right 15_7
Apple at (16, 7) eaten at step 990
Going right 16_7
Going right 17_7
Going right 18_7
Going right 19_7
Going right 20_7
Apple at (21, 7) eaten at step 995
Going right 21_7
Going right 22_7
Going right 23_7
Going right 24_7
Going right 25_7
Going right 26_7
Going right 27_7
Going right 28_7
Going right 29_7
Going right 30_7
Going right 31_7
Going right 32_7
Going right 33_7
Going right 34_7
Going right 35_7
Going right 36_7
Going down 36_8
Going down 36_9
Going down 36_10
Going down 36_11
Going down 36_12
Going down 36_13
Going down 36_14
Going down 36_15
Going down 36_16
Going down 36_17
Going down 36_18
Going down 36_19
Going down 36_20
Apple at (36, 21) eaten at step 1024
Going down 36_21
Going down 36_22
Going down 36_23
Going down 36_24
Going down 36_25
Apple at (36, 26) eaten at step 1029
Going down 36_26
Going down 36_27
Going down 36_28
Going down 36_29
Going down 36_30
Going down 36_31
Going down 36_32
Going left 35_32
Going left 34_32
Going left 33_32
Going left 32_32
Going left 31_32
Going left 30_32
Going left 29_32
Going left 28_32
Going left 27_32
Going left 26_32
Going left 25_32
Going left 24_32
Going left 23_32
Going left 22_32
Going left 21_32
Going left 20_32
Going left 19_32
Going left 18_32
Going left 17_32
Going left 16_32
Going left 15_32
Going left 14_32
Going left 13_32
Going left 12_32
Apple at (11, 32) eaten at step 1060
Going left 11_32
Going left 10_32
Going left 9_32
Going left 8_32
Going left 7_32
Going up 7_31
Going up 7_30
Going up 7_29
Going up 7_28
Going up 7_27
Going up 7_26
Going up 7_25
Going up 7_24
Going up 7_23
Going up 7_22
Going up 7_21
Going up 7_20
Going up 7_19
Going up 7_18
Going up 7_17
Going up 7_16
Going up 7_15
Going up 7_14
Going up 7_13
Going up 7_12
Going up 7_11
Apple at (7, 10) eaten at step 1086
Going up 7_10
Going up 7_9
Going up 7_8
Going right 8_8
Going right 9_8
Going right 10_8
Going right 11_8
Going right 12_8
Apple at (13, 8) eaten at step 1094
Going right 13_8
Going right 14_8
Apple at (15, 8) eaten at step 1096
Going right 15_8
Going right 16_8
Going right 17_8
Going right 18_8
Going right 19_8
Going right 20_8
Going right 21_8
Going right 22_8
Going right 23_8
Going right 24_8
Going right 25_8
Going right 26_8
Going right 27_8
Going right 28_8
Going right 29_8
Going right 30_8
Going right 31_8
Going right 32_8
Going right 33_8
Going right 34_8
Going right 35_8
Going down 35_9
Going down 35_10
Going down 35_11
Going down 35_12
Going down 35_13
Going down 35_14
Going down 35_15
Going down 35_16
Going down 35_17
Going down 35_18
Going down 35_19
Going down 35_20
Going down 35_21
Apple at (35, 22) eaten at step 1130
Going down 35_22
Apple at (35, 23) eaten at step 1131
Going down 35_23
Going down 35_24
Going down 35_25
Going down 35_26
Going down 35_27
Going down 35_28
Going down 35_29
Going down 35_30
Going down 35_31
Going left 34_31
Going left 33_31
Going left 32_31
Going left 31_31
Going left 30_31
Going left 29_31
Going left 28_31
Going left 27_31
Going left 26_31
Going left 25_31
Going left 24_31
Going left 23_31
Going left 22_31
Going left 21_31
Going left 20_31
Going left 19_31
Going left 18_31
Going left 17_31
Going left 16_31
Going left 15_31
Going left 14_31
Going left 13_31
Going left 12_31
Apple at (11, 31) eaten at step 1163
Going left 11_31
Going left 10_31
Going left 9_31
Going left 8_31
Going up 8_30
Going up 8_29
Apple at (8, 28) eaten at step 1169
Going up 8_28
Going up 8_27
Going up 8_26
Going up 8_25
Going up 8_24
Going up 8_23
Going up 8_22
Apple at (8, 21) eaten at step 1176
Going up 8_21
Going up 8_20
Going up 8_19
Going up 8_18
Going up 8_17
Going up 8_16
Going up 8_15
Going up 8_14
Going up 8_13
Going up 8_12
Going up 8_11
Going up 8_10
Going up 8_9
Going right 9_9
Going right 10_9
Going right 11_9
Going right 12_9
Going right 13_9
Going right 14_9
Going right 15_9
Going right 16_9
Going right 17_9
Going right 18_9
Going right 19_9
Going right 20_9
Going right 21_9
Going right 22_9
Going right 23_9
Going right 24_9
Going right 25_9
Going right 26_9
Apple at (27, 9) eaten at step 1207
Going right 27_9
Going right 28_9
Apple at (29, 9) eaten at step 1209
Going right 29_9
Going right 30_9
Going right 31_9
Going right 32_9
Apple at (33, 9) eaten at step 1213
Going right 33_9
Going right 34_9
Going down 34_10
Going down 34_11
Going down 34_12
Going down 34_13
Going down 34_14
Going down 34_15
Going down 34_16
Going down 34_17
Going down 34_18
Going down 34_19
Going down 34_20
Apple at (34, 21) eaten at step 1226
Going down 34_21
Going down 34_22
Going down 34_23
Going down 34_24
Going down 34_25
Going down 34_26
Going down 34_27
Going down 34_28
Going down 34_29
Going down 34_30
Going left 33_30
Going left 32_30
Apple at (31, 30) eaten at step 1238
Going left 31_30
Going left 30_30
Going left 29_30
Going left 28_30
Going left 27_30
Going left 26_30
Going left 25_30
Going left 24_30
Going left 23_30
Going left 22_30
Going left 21_30
Going left 20_30
Going left 19_30
Apple at (18, 30) eaten at step 1251
Going left 18_30
Going left 17_30
Going left 16_30
Going left 15_30
Going left 14_30
Apple at (13, 30) eaten at step 1256
Going left 13_30
Going left 12_30
Going left 11_30
Going left 10_30
Going left 9_30
Going up 9_29
Going up 9_28
Going up 9_27
Going up 9_26
Going up 9_25
Going up 9_24
Going up 9_23
Going up 9_22
Going up 9_21
Apple at (9, 20) eaten at step 1270
Going up 9_20
Going up 9_19
Going up 9_18
Apple at (9, 17) eaten at step 1273
Going up 9_17
Going up 9_16
Going up 9_15
Going up 9_14
Apple at (9, 13) eaten at step 1277
Going up 9_13
Going up 9_12
Going up 9_11
Going up 9_10
Going right 10_10
Going right 11_10
Going right 12_10
Going right 13_10
Going right 14_10
Going right 15_10
Going right 16_10
Going right 17_10
Going right 18_10
Apple at (19, 10) eaten at step 1290
Going right 19_10
Going right 20_10
Going right 21_10
Going right 22_10
Going right 23_10
Going right 24_10
Going right 25_10
Going right 26_10
Going right 27_10
Going right 28_10
Apple at (29, 10) eaten at step 1300
Going right 29_10
Going right 30_10
Going right 31_10
Going right 32_10
Going right 33_10
Going down 33_11
Going down 33_12
Going down 33_13
Going down 33_14
Going down 33_15
Going down 33_16
Going down 33_17
Going down 33_18
Apple at (33, 19) eaten at step 1313
Going down 33_19
Going down 33_20
Going down 33_21
Going down 33_22
Going down 33_23
Going down 33_24
Going down 33_25
Going down 33_26
Going down 33_27
Going down 33_28
Going down 33_29
Going left 32_29
Going left 31_29
Going left 30_29
Apple at (29, 29) eaten at step 1327
Going left 29_29
Going left 28_29
Going left 27_29
Apple at (26, 29) eaten at step 1330
Going left 26_29
Going left 25_29
Going left 24_29
Apple at (23, 29) eaten at step 1333
Going left 23_29
Going left 22_29
Going left 21_29
Going left 20_29
Going left 19_29
Going left 18_29
Going left 17_29
Going left 16_29
Going left 15_29
Going left 14_29
Going left 13_29
Going left 12_29
Going left 11_29
Going left 10_29
Going up 10_28
Going up 10_27
Going up 10_26
Going up 10_25
Going up 10_24
Going up 10_23
Going up 10_22
Going up 10_21
Going up 10_20
Going up 10_19
Going up 10_18
Going up 10_17
Going up 10_16
Going up 10_15
Going up 10_14
Going up 10_13
Going up 10_12
Going up 10_11
Going right 11_11
Going right 12_11
Going right 13_11
Apple at (14, 11) eaten at step 1368
Going right 14_11
Going right 15_11
Going right 16_11
Going right 17_11
Going right 18_11
Going right 19_11
Apple at (20, 11) eaten at step 1374
Going right 20_11
Going right 21_11
Going right 22_11
Going right 23_11
Going right 24_11
Going right 25_11
Going right 26_11
Going right 27_11
Going right 28_11
Apple at (29, 11) eaten at step 1383
Going right 29_11
Going right 30_11
Going right 31_11
Apple at (32, 11) eaten at step 1386
Going right 32_11
Going down 32_12
Going down 32_13
Going down 32_14
Going down 32_15
Going down 32_16
Going down 32_17
Going down 32_18
Apple at (32, 19) eaten at step 1394
Going down 32_19
Going down 32_20
Going down 32_21
Going down 32_22
Apple at (32, 23) eaten at step 1398
Going down 32_23
Going down 32_24
Apple at (32, 25) eaten at step 1400
Going down 32_25
Apple at (32, 26) eaten at step 1401
Going down 32_26
Going down 32_27
Going down 32_28
Going left 31_28
Going left 30_28
Going left 29_28
Going left 28_28
Going left 27_28
Going left 26_28
Going left 25_28
Going left 24_28
Going left 23_28
Going left 22_28
Going left 21_28
Going left 20_28
Going left 19_28
Going left 18_28
Going left 17_28
Going left 16_28
Going left 15_28
Going left 14_28
Going left 13_28
Going left 12_28
Going left 11_28
Going up 11_27
Going up 11_26
Going up 11_25
Going up 11_24
Going up 11_23
Going up 11_22
Going up 11_21
Going up 11_20
Going up 11_19
Going up 11_18
Going up 11_17
Going up 11_16
Apple at (11, 15) eaten at step 1437
Going up 11_15
Going up 11_14
Going up 11_13
Going up 11_12
Going right 12_12
Going right 13_12
Going right 14_12
Going right 15_12
Going right 16_12
Going right 17_12
Going right 18_12
Apple at (19, 12) eaten at step 1448
Going right 19_12
Going right 20_12
Going right 21_12
Going right 22_12
Apple at (23, 12) eaten at step 1452
Going right 23_12
Going right 24_12
Going right 25_12
Going right 26_12
Going right 27_12
Going right 28_12
Going right 29_12
Going right 30_12
Going right 31_12
Going down 31_13
Going down 31_14
Going down 31_15
Going down 31_16
Going down 31_17
Going down 31_18
Going down 31_19
Going down 31_20
Going down 31_21
Going down 31_22
Going down 31_23
Going down 31_24
Going down 31_25
Going down 31_26
Going down 31_27
Going left 30_27
Going left 29_27
Going left 28_27
Going left 27_27
Going left 26_27
Going left 25_27
Going left 24_27
Going left 23_27
Going left 22_27
Apple at (21, 27) eaten at step 1485
Going left 21_27
Apple at (20, 27) eaten at step 1486
Going left 20_27
Apple at (19, 27) eaten at step 1487
Going left 19_27
Going left 18_27
Apple at (17, 27) eaten at step 1489
Going left 17_27
Going left 16_27
Going left 15_27
Going left 14_27
Going left 13_27
Going left 12_27
Going up 12_26
Going up 12_25
Apple at (12, 24) eaten at step 1497
Going up 12_24
Going up 12_23
Going up 12_22
Going up 12_21
Going up 12_20
Going up 12_19
Going up 12_18
Going up 12_17
Going up 12_16
Going up 12_15
Going up 12_14
Going up 12_13
Going right 13_13
Going right 14_13
Going right 15_13
Going right 16_13
Going right 17_13
Going right 18_13
Going right 19_13
Going right 20_13
Going right 21_13
Going right 22_13
Going right 23_13
Going right 24_13
Going right 25_13
Going right 26_13
Going right 27_13
Going right 28_13
Going right 29_13
Going right 30_13
Going down 30_14
Apple at (30, 15) eaten at step 1528
Going down 30_15
Going down 30_16
Going down 30_17
Going down 30_18
Going down 30_19
Going down 30_20
Going down 30_21
Going down 30_22
Going down 30_23
Going down 30_24
Going down 30_25
Apple at (30, 26) eaten at step 1539
Going down 30_26
Going left 29_26
Going left 28_26
Going left 27_26
Going left 26_26
Going left 25_26
Going left 24_26
Going left 23_26
Going left 22_26
Going left 21_26
Going left 20_26
Going left 19_26
Going left 18_26
Going left 17_26
Going left 16_26
Going left 15_26
Going left 14_26
Going left 13_26
Going up 13_25
Going up 13_24
Going up 13_23
Going up 13_22
Going up 13_21
Going up 13_20
Going up 13_19
Going up 13_18
Going up 13_17
Going up 13_16
Going up 13_15
Going up 13_14
Going right 14_14
Going right 15_14
Going right 16_14
Going right 17_14
Going right 18_14
Going right 19_14
Going right 20_14
Going right 21_14
Going right 22_14
Going right 23_14
Going right 24_14
Going right 25_14
Going right 26_14
Going right 27_14
Going right 28_14
Going right 29_14
Going down 29_15
Going down 29_16
Going down 29_17
Going down 29_18
Going down 29_19
Going down 29_20
Going down 29_21
Going down 29_22
Going down 29_23
Going down 29_24
Going down 29_25
Going left 28_25
Going left 27_25
Going left 26_25
Going left 25_25
Going left 24_25
Going left 23_25
Going left 22_25
Going left 21_25
Apple at (20, 25) eaten at step 1604
Going left 20_25
Going left 19_25
Going left 18_25
Going left 17_25
Going left 16_25
Going left 15_25
Going left 14_25
Going up 14_24
Going up 14_23
Going up 14_22
Going up 14_21
Going up 14_20
Going up 14_19
Apple at (14, 18) eaten at step 1617
Going up 14_18
Going up 14_17
Going up 14_16
Going up 14_15
Going right 15_15
Going right 16_15
Going right 17_15
Going right 18_15
Going right 19_15
Going right 20_15
Going right 21_15
Going right 22_15
Going right 23_15
Going right 24_15
Going right 25_15
Going right 26_15
Going right 27_15
Going right 28_15
Going down 28_16
Going down 28_17
Going down 28_18
Going down 28_19
Going down 28_20
Going down 28_21
Going down 28_22
Going down 28_23
Going down 28_24
Apple at (27, 24) eaten at step 1644
Going left 27_24
Going left 26_24
Going left 25_24
Going left 24_24
Going left 23_24
Going left 22_24
Going left 21_24
Going left 20_24
Going left 19_24
Going left 18_24
Going left 17_24
Going left 16_24
Going left 15_24
Going up 15_23
Going up 15_22
Going up 15_21
Going up 15_20
Going up 15_19
Going up 15_18
Going up 15_17
Going up 15_16
Going right 16_16
Going right 17_16
Going right 18_16
Going right 19_16
Going right 20_16
Going right 21_16
Apple at (22, 16) eaten at step 1671
Going right 22_16
Going right 23_16
Going right 24_16
Going right 25_16
Going right 26_16
Going right 27_16
Going down 27_17
Going down 27_18
Going down 27_19
Going down 27_20
Going down 27_21
Apple at (27, 22) eaten at step 1682
Going down 27_22
Going down 27_23
Going left 26_23
Going left 25_23
Going left 24_23
Going left 23_23
Apple at (22, 23) eaten at step 1688
Going left 22_23
Going left 21_23
Going left 20_23
Going left 19_23
Going left 18_23
Going left 17_23
Going left 16_23
Going up 16_22
Going up 16_21
Going up 16_20
Going up 16_19
Going up 16_18
Going up 16_17
Going right 17_17
Going right 18_17
Going right 19_17
Going right 20_17
Going right 21_17
Going right 22_17
Going right 23_17
Going right 24_17
Going right 25_17
Going right 26_17
Going down 26_18
Going down 26_19
Going down 26_20
Apple at (26, 21) eaten at step 1714
Going down 26_21
Going down 26_22
Going left 25_22
Apple at (24, 22) eaten at step 1717
Going left 24_22
Going left 23_22
Going left 22_22
Going left 21_22
Going left 20_22
Going left 19_22
Going left 18_22
Going left 17_22
Going up 17_21
Going up 17_20
Going up 17_19
Going up 17_18
Going right 18_18
Going right 19_18
Going right 20_18
Apple at (21, 18) eaten at step 1732
Going right 21_18
Going right 22_18
Going right 23_18
Going right 24_18
Going right 25_18
Going down 25_19
Going down 25_20
Going down 25_21
Going left 24_21
Going left 23_21
Going left 22_21
Going left 21_21
Going left 20_21
Going left 19_21
Going left 18_21
Going up 18_20
Going up 18_19
Going right 19_19
Going right 20_19
Going right 21_19
Going right 22_19
Going right 23_19
Going right 24_19
Going down 24_20
Going left 23_20
Going left 22_20
Going left 21_20
Going left 20_20
Apple at (19, 20) eaten at step 1760
Going left 19_20
